[2019-08-14 11:28:14.185] [exthost] [info] extension host started
[2019-08-14 11:28:14.483] [exthost] [info] ExtensionService#_doActivateExtension vscode.debug-auto-launch {"startup":true,"activationEvent":"*"}
[2019-08-14 11:28:14.483] [exthost] [info] ExtensionService#loadCommonJSModule /usr/share/code/resources/app/extensions/debug-auto-launch/dist/extension
[2019-08-14 11:28:14.548] [exthost] [info] ExtensionService#_doActivateExtension vscode.emmet {"startup":true,"activationEvent":"*"}
[2019-08-14 11:28:14.548] [exthost] [info] ExtensionService#loadCommonJSModule /usr/share/code/resources/app/extensions/emmet/dist/extension
[2019-08-14 11:28:14.642] [exthost] [info] ExtensionService#_doActivateExtension vscode.git {"startup":true,"activationEvent":"*"}
[2019-08-14 11:28:14.642] [exthost] [info] ExtensionService#loadCommonJSModule /usr/share/code/resources/app/extensions/git/dist/main
[2019-08-14 11:28:15.021] [exthost] [info] ExtensionService#_doActivateExtension vscode.merge-conflict {"startup":true,"activationEvent":"*"}
[2019-08-14 11:28:15.022] [exthost] [info] ExtensionService#loadCommonJSModule /usr/share/code/resources/app/extensions/merge-conflict/dist/extension
[2019-08-14 11:28:15.069] [exthost] [info] eager extensions activated
[2019-08-14 11:28:37.587] [exthost] [info] extension host started
[2019-08-14 11:28:37.676] [exthost] [info] ExtensionService#_doActivateExtension vscode.debug-auto-launch {"startup":true,"activationEvent":"*"}
[2019-08-14 11:28:37.676] [exthost] [info] ExtensionService#loadCommonJSModule /usr/share/code/resources/app/extensions/debug-auto-launch/dist/extension
[2019-08-14 11:28:37.707] [exthost] [info] ExtensionService#_doActivateExtension vscode.emmet {"startup":true,"activationEvent":"*"}
[2019-08-14 11:28:37.707] [exthost] [info] ExtensionService#loadCommonJSModule /usr/share/code/resources/app/extensions/emmet/dist/extension
[2019-08-14 11:28:37.772] [exthost] [info] ExtensionService#_doActivateExtension vscode.git {"startup":true,"activationEvent":"*"}
[2019-08-14 11:28:37.773] [exthost] [info] ExtensionService#loadCommonJSModule /usr/share/code/resources/app/extensions/git/dist/main
[2019-08-14 11:28:38.276] [exthost] [info] ExtensionService#_doActivateExtension vscode.merge-conflict {"startup":true,"activationEvent":"*"}
[2019-08-14 11:28:38.278] [exthost] [info] ExtensionService#loadCommonJSModule /usr/share/code/resources/app/extensions/merge-conflict/dist/extension
[2019-08-14 11:28:38.310] [exthost] [info] eager extensions activated
[2019-08-14 11:28:42.212] [exthost] [info] ExtensionService#_doActivateExtension vscode.typescript-language-features {"startup":false,"activationEvent":"onLanguage:javascript"}
[2019-08-14 11:28:42.212] [exthost] [info] ExtensionService#loadCommonJSModule /usr/share/code/resources/app/extensions/typescript-language-features/dist/extension
[2019-08-14 11:28:42.545] [exthost] [info] ExtensionService#_doActivateExtension christian-kohler.npm-intellisense {"startup":false,"activationEvent":"onLanguage:javascript"}
[2019-08-14 11:28:42.545] [exthost] [info] ExtensionService#loadCommonJSModule /home/paksi/.vscode/extensions/christian-kohler.npm-intellisense-1.3.0/out/src/extension
[2019-08-14 11:36:59.827] [exthost] [info] ExtensionService#_doActivateExtension vscode.extension-editing {"startup":false,"activationEvent":"onLanguage:typescript"}
[2019-08-14 11:36:59.827] [exthost] [info] ExtensionService#loadCommonJSModule /usr/share/code/resources/app/extensions/extension-editing/dist/extension
[2019-08-14 11:46:16.472] [exthost] [error] [vscode.typescript-language-features] provider FAILED
[2019-08-14 11:46:16.543] [exthost] [error] Error: DisposableStore is missing...
	at R._convertCompletionItem (/usr/share/code/resources/app/out/vs/workbench/services/extensions/node/extensionHostProcess.js:554:618)
	at define.resolveCompletionItem.o.asPromise.then.e (/usr/share/code/resources/app/out/vs/workbench/services/extensions/node/extensionHostProcess.js:554:248)
[2019-08-14 12:57:53.548] [exthost] [error] [vscode.typescript-language-features] provider FAILED
[2019-08-14 12:57:53.644] [exthost] [error] Error: <main> TypeScript Server Error (3.5.2)
Debug Failure. Did not expect JsxSelfClosingElement to have an Identifier in its trivia
Error: Debug Failure. Did not expect JsxSelfClosingElement to have an Identifier in its trivia
    at addSyntheticNodes (tsserver.js:121116:30)
    at createChildren (tsserver.js:121105:9)
    at NodeObject.getChildren (tsserver.js:121049:56)
    at getTokenAtPositionWorker (tsserver.js:96666:43)
    at Object.getTokenAtPosition (tsserver.js:96658:16)
    at getInfo (tsserver.js:117588:28)
    at Object.getAvailableActions (tsserver.js:117572:28)
    at tsserver.js:112890:128
    at getIterator (tsserver.js:627:23)
    at Object.flatMapIterator (tsserver.js:610:27)
    at Object.getApplicableRefactors (tsserver.js:112889:36)
    at Object.getApplicableRefactors (tsserver.js:122652:32)
    at IOSession.Session.getApplicableRefactors (tsserver.js:131421:53)
    at Session.handlers.ts.createMapFromTemplate._a.(anonymous function) (tsserver.js:130239:61)
    at tsserver.js:131665:88
    at IOSession.Session.executeWithRequestId (tsserver.js:131656:28)
    at IOSession.Session.executeCommand (tsserver.js:131665:33)
    at IOSession.Session.onMessage (tsserver.js:131687:35)
    at Interface.<anonymous> (tsserver.js:132978:27)
    at Interface.emit (events.js:182:13)
    at Interface._onLine (readline.js:290:10)
    at Interface._normalWrite (readline.js:433:12)
    at Socket.ondata (readline.js:149:10)
    at Socket.emit (events.js:182:13)
    at addChunk (_stream_readable.js:283:12)
    at readableAddChunk (_stream_readable.js:264:11)
    at Socket.Readable.push (_stream_readable.js:219:10)
    at Pipe.onStreamRead [as onread] (internal/stream_base_commons.js:94:17)
	at Function.create (/usr/share/code/resources/app/extensions/typescript-language-features/dist/extension.js:53:63436)
	at h.dispatchResponse (/usr/share/code/resources/app/extensions/typescript-language-features/dist/extension.js:53:56618)
	at h.dispatchMessage (/usr/share/code/resources/app/extensions/typescript-language-features/dist/extension.js:53:55516)
	at constructor._reader.onData.e (/usr/share/code/resources/app/extensions/typescript-language-features/dist/extension.js:53:54992)
	at u.fire (/usr/share/code/resources/app/out/vs/workbench/services/extensions/node/extensionHostProcess.js:48:468)
	at t.Reader.onLengthData (/usr/share/code/resources/app/extensions/typescript-language-features/dist/extension.js:53:61656)
	at Socket.t.Reader.constructor.e.on.e (/usr/share/code/resources/app/extensions/typescript-language-features/dist/extension.js:53:61304)
	at Socket.emit (events.js:182:13)
	at Socket.EventEmitter.emit (domain.js:442:20)
	at addChunk (_stream_readable.js:283:12)
	at readableAddChunk (_stream_readable.js:264:11)
	at Socket.Readable.push (_stream_readable.js:219:10)
	at Pipe.onStreamRead [as onread] (internal/stream_base_commons.js:94:17)
[2019-08-14 12:57:54.193] [exthost] [error] [vscode.typescript-language-features] provider FAILED
[2019-08-14 12:57:54.194] [exthost] [error] Error: <main> TypeScript Server Error (3.5.2)
Debug Failure. Did not expect JsxSelfClosingElement to have an Identifier in its trivia
Error: Debug Failure. Did not expect JsxSelfClosingElement to have an Identifier in its trivia
    at addSyntheticNodes (tsserver.js:121116:30)
    at createChildren (tsserver.js:121105:9)
    at NodeObject.getChildren (tsserver.js:121049:56)
    at getTokenAtPositionWorker (tsserver.js:96666:43)
    at Object.getTokenAtPosition (tsserver.js:96658:16)
    at getInfo (tsserver.js:117588:28)
    at Object.getAvailableActions (tsserver.js:117572:28)
    at tsserver.js:112890:128
    at getIterator (tsserver.js:627:23)
    at Object.flatMapIterator (tsserver.js:610:27)
    at Object.getApplicableRefactors (tsserver.js:112889:36)
    at Object.getApplicableRefactors (tsserver.js:122652:32)
    at IOSession.Session.getApplicableRefactors (tsserver.js:131421:53)
    at Session.handlers.ts.createMapFromTemplate._a.(anonymous function) (tsserver.js:130239:61)
    at tsserver.js:131665:88
    at IOSession.Session.executeWithRequestId (tsserver.js:131656:28)
    at IOSession.Session.executeCommand (tsserver.js:131665:33)
    at IOSession.Session.onMessage (tsserver.js:131687:35)
    at Interface.<anonymous> (tsserver.js:132978:27)
    at Interface.emit (events.js:182:13)
    at Interface._onLine (readline.js:290:10)
    at Interface._normalWrite (readline.js:433:12)
    at Socket.ondata (readline.js:149:10)
    at Socket.emit (events.js:182:13)
    at addChunk (_stream_readable.js:283:12)
    at readableAddChunk (_stream_readable.js:264:11)
    at Socket.Readable.push (_stream_readable.js:219:10)
    at Pipe.onStreamRead [as onread] (internal/stream_base_commons.js:94:17)
	at Function.create (/usr/share/code/resources/app/extensions/typescript-language-features/dist/extension.js:53:63436)
	at h.dispatchResponse (/usr/share/code/resources/app/extensions/typescript-language-features/dist/extension.js:53:56618)
	at h.dispatchMessage (/usr/share/code/resources/app/extensions/typescript-language-features/dist/extension.js:53:55516)
	at constructor._reader.onData.e (/usr/share/code/resources/app/extensions/typescript-language-features/dist/extension.js:53:54992)
	at u.fire (/usr/share/code/resources/app/out/vs/workbench/services/extensions/node/extensionHostProcess.js:48:468)
	at t.Reader.onLengthData (/usr/share/code/resources/app/extensions/typescript-language-features/dist/extension.js:53:61656)
	at Socket.t.Reader.constructor.e.on.e (/usr/share/code/resources/app/extensions/typescript-language-features/dist/extension.js:53:61304)
	at Socket.emit (events.js:182:13)
	at Socket.EventEmitter.emit (domain.js:442:20)
	at addChunk (_stream_readable.js:283:12)
	at readableAddChunk (_stream_readable.js:264:11)
	at Socket.Readable.push (_stream_readable.js:219:10)
	at Pipe.onStreamRead [as onread] (internal/stream_base_commons.js:94:17)
[2019-08-14 13:34:28.374] [exthost] [error] [vscode.typescript-language-features] provider FAILED
[2019-08-14 13:34:28.374] [exthost] [error] Error: DisposableStore is missing...
	at R._convertCompletionItem (/usr/share/code/resources/app/out/vs/workbench/services/extensions/node/extensionHostProcess.js:554:618)
	at define.resolveCompletionItem.o.asPromise.then.e (/usr/share/code/resources/app/out/vs/workbench/services/extensions/node/extensionHostProcess.js:554:248)
